<?xml version="1.0" encoding="UTF-8"?>
<!-- Generated by org.testng.reporters.JUnitReportReporter -->
<testsuite hostname="DESKTOP-7S7LCUO" failures="0" tests="4" name="test.UserTest" time="10.399" errors="0" timestamp="2024-07-29T00:49:38 IST" skipped="0">
  <testcase classname="test.UserTest" name="testCreateUser" time="4.520"/>
  <testcase classname="test.UserTest" name="testGetUser" time="1.531"/>
  <testcase classname="test.UserTest" name="testUpdateUser" time="2.819"/>
  <testcase classname="test.UserTest" name="testDelUser" time="1.529"/>
</testsuite> <!-- test.UserTest -->
